20/12/2013 01:40:03 PM INFO:Successfully connected to database
20/12/2013 01:40:04 PM INFO:Successfully connected to database
20/12/2013 01:40:04 PM INFO:Started crawling http://www.cvenvacaturebank.nl
20/12/2013 01:40:04 PM INFO:Successfully connected to database
20/12/2013 01:40:04 PM INFO:Started crawling http://www.starapple.nl
20/12/2013 01:40:04 PM INFO:Crawler started for 5 crawls with a list of 5
20/12/2013 01:40:04 PM INFO:Successfully connected to database
20/12/2013 01:40:04 PM INFO:Crawler started for 5 crawls with a list of 5
20/12/2013 01:40:04 PM INFO:Started crawling http://www.monsterboard.nl
20/12/2013 01:40:04 PM INFO:Crawler started for 5 crawls with a list of 5
20/12/2013 01:40:04 PM DEBUG:Could not insert cv http://www.starapple.nl/kandidaat-2160-C_NET_developer/
20/12/2013 01:40:04 PM DEBUG:Traceback (most recent call last):
  File "C:\Users\Bob\Documents\GitHub\JobCrawler\src\DbHandler.py", line 94, in insertCV
    cursor.execute(sql.cv_sql.format(self.db_cv),(cvData['voornaam'],cvData['achternaam'],cvData['tussenvoegsels'],cvData['opleiding'],cvData['jaren_werkervaring'],cvData['woonplaats'],cvData['cursussen'],cvData['it_kennis'],cvData['rijbewijs'],cvData['beroep'],fullUrl,cvData['voornaam'],cvData['achternaam'],cvData['tussenvoegsels'],cvData['opleiding'],cvData['jaren_werkervaring'],cvData['woonplaats'],cvData['cursussen'],cvData['it_kennis'],cvData['rijbewijs'],cvData['beroep'],fullUrl,fullUrl))
  File "C:\Python27\lib\site-packages\psycopg2\extras.py", line 120, in execute
    return super(DictCursor, self).execute(query, vars)
DataError: value too long for type character(1)


20/12/2013 01:40:06 PM DEBUG:Could not crawl http://www.starapple.nl/kandidaat-2157-Microsoft_System_Administrator/
20/12/2013 01:40:06 PM DEBUG:current transaction is aborted, commands ignored until end of transaction block

20/12/2013 01:40:16 PM INFO:Crawling http://www.cvenvacaturebank.nl complete, remaining: 0
20/12/2013 01:40:33 PM INFO:Crawling http://www.monsterboard.nl complete, remaining: 0
20/12/2013 01:42:14 PM INFO:Successfully connected to database
20/12/2013 01:42:15 PM INFO:Successfully connected to database
20/12/2013 01:42:15 PM INFO:Started crawling http://www.monsterboard.nl
20/12/2013 01:42:15 PM INFO:Successfully connected to database
20/12/2013 01:42:15 PM INFO:Started crawling http://www.cvenvacaturebank.nl
20/12/2013 01:42:15 PM INFO:Successfully connected to database
20/12/2013 01:42:15 PM INFO:Started crawling http://www.starapple.nl
20/12/2013 01:42:15 PM INFO:Crawler started for 5 crawls with a list of 5
20/12/2013 01:42:15 PM INFO:Crawler started for 5 crawls with a list of 5
20/12/2013 01:42:15 PM INFO:Crawler started for 5 crawls with a list of 5
20/12/2013 01:42:25 PM INFO:Crawling http://www.starapple.nl complete, remaining: 0
20/12/2013 01:42:26 PM INFO:Crawling http://www.cvenvacaturebank.nl complete, remaining: 0
20/12/2013 01:42:42 PM INFO:Crawling http://www.monsterboard.nl complete, remaining: 0
